<?xml version="1.0" encoding="UTF-8"?>
<testsuite name="com.example.demo.DemoApplicationTests" tests="1" skipped="0" failures="0" errors="0" timestamp="2024-08-12T07:31:41" hostname="MacBook-Pro-3.local" time="0.356">
  <properties/>
  <testcase name="contextLoads()" classname="com.example.demo.DemoApplicationTests" time="0.356"/>
  <system-out><![CDATA[2024-08-12T11:31:37.409+04:00  INFO   --- [    Test worker] t.c.s.AnnotationConfigContextLoaderUtils : Could not detect default configuration classes for test class [com.example.demo.DemoApplicationTests]: DemoApplicationTests does not declare any static, non-private, non-final, nested classes annotated with @Configuration.
2024-08-12T11:31:37.529+04:00  INFO   --- [    Test worker] .b.t.c.SpringBootTestContextBootstrapper : Found @SpringBootConfiguration com.example.demo.DemoApplication for test class com.example.demo.DemoApplicationTests

  .   ____          _            __ _ _
 /\\ / ___'_ __ _ _(_)_ __  __ _ \ \ \ \
( ( )\___ | '_ | '_| | '_ \/ _` | \ \ \ \
 \\/  ___)| |_)| | | | | || (_| |  ) ) ) )
  '  |____| .__|_| |_|_| |_\__, | / / / /
 =========|_|==============|___/=/_/_/_/

 :: Spring Boot ::                (v3.3.2)

2024-08-12T11:31:37.820+04:00 DEBUG 8625 --- [demo] [    Test worker] o.s.w.c.s.GenericWebApplicationContext   : Refreshing org.springframework.web.context.support.GenericWebApplicationContext@205a2bb0
2024-08-12T11:31:39.850+04:00  WARN 8625 --- [demo] [    Test worker] org.hibernate.orm.deprecation            : HHH90000025: MySQLDialect does not need to be specified explicitly using 'hibernate.dialect' (remove the property setting and it will be selected by default)
2024-08-12T11:31:40.845+04:00  INFO 8625 --- [demo] [    Test worker] r$InitializeUserDetailsManagerConfigurer : Global AuthenticationManager configured with UserDetailsService bean with name customUserDetailsService
2024-08-12T11:31:40.961+04:00  WARN 8625 --- [demo] [    Test worker] JpaBaseConfiguration$JpaWebConfiguration : spring.jpa.open-in-view is enabled by default. Therefore, database queries may be performed during view rendering. Explicitly configure spring.jpa.open-in-view to disable this warning
2024-08-12T11:31:41.089+04:00 DEBUG 8625 --- [demo] [    Test worker] s.w.s.m.m.a.RequestMappingHandlerMapping : 17 mappings in 'requestMappingHandlerMapping'
2024-08-12T11:31:41.204+04:00 DEBUG 8625 --- [demo] [    Test worker] o.s.w.s.handler.SimpleUrlHandlerMapping  : Patterns [/webjars/**, /**, /swagger-ui*/*swagger-initializer.js, /swagger-ui*/**] in 'resourceHandlerMapping'
2024-08-12T11:31:41.223+04:00 DEBUG 8625 --- [demo] [    Test worker] edFilterInvocationSecurityMetadataSource : Adding web access control expression [permitAll] for Ant [pattern='/register']
2024-08-12T11:31:41.224+04:00 DEBUG 8625 --- [demo] [    Test worker] edFilterInvocationSecurityMetadataSource : Adding web access control expression [permitAll] for Ant [pattern='/login']
2024-08-12T11:31:41.224+04:00 DEBUG 8625 --- [demo] [    Test worker] edFilterInvocationSecurityMetadataSource : Adding web access control expression [permitAll] for Ant [pattern='/v3/api-docs/**']
2024-08-12T11:31:41.224+04:00 DEBUG 8625 --- [demo] [    Test worker] edFilterInvocationSecurityMetadataSource : Adding web access control expression [permitAll] for Ant [pattern='/swagger-ui/**']
2024-08-12T11:31:41.224+04:00 DEBUG 8625 --- [demo] [    Test worker] edFilterInvocationSecurityMetadataSource : Adding web access control expression [permitAll] for Ant [pattern='/oauth2/**']
2024-08-12T11:31:41.224+04:00 DEBUG 8625 --- [demo] [    Test worker] edFilterInvocationSecurityMetadataSource : Adding web access control expression [authenticated] for any request
2024-08-12T11:31:41.230+04:00 DEBUG 8625 --- [demo] [    Test worker] o.s.s.web.DefaultSecurityFilterChain     : Will secure any request with filters: DisableEncodeUrlFilter, WebAsyncManagerIntegrationFilter, SecurityContextHolderFilter, HeaderWriterFilter, CorsFilter, LogoutFilter, JwtRequestFilter, RequestCacheAwareFilter, SecurityContextHolderAwareRequestFilter, AnonymousAuthenticationFilter, SessionManagementFilter, ExceptionTranslationFilter, FilterSecurityInterceptor
2024-08-12T11:31:41.373+04:00 DEBUG 8625 --- [demo] [    Test worker] s.w.s.m.m.a.RequestMappingHandlerAdapter : ControllerAdvice beans: 0 @ModelAttribute, 0 @InitBinder, 1 RequestBodyAdvice, 1 ResponseBodyAdvice
2024-08-12T11:31:41.399+04:00 DEBUG 8625 --- [demo] [    Test worker] .m.m.a.ExceptionHandlerExceptionResolver : ControllerAdvice beans: 1 @ExceptionHandler, 1 ResponseBodyAdvice
]]></system-out>
  <system-err><![CDATA[WARNING: A Java agent has been loaded dynamically (/Users/macbookpro/.gradle/caches/modules-2/files-2.1/net.bytebuddy/byte-buddy-agent/1.14.18/417558ea01fe9f0e8a94af28b9469d281c4e3984/byte-buddy-agent-1.14.18.jar)
WARNING: If a serviceability tool is in use, please run with -XX:+EnableDynamicAgentLoading to hide this warning
WARNING: If a serviceability tool is not in use, please run with -Djdk.instrument.traceUsage for more information
WARNING: Dynamic loading of agents will be disallowed by default in a future release
]]></system-err>
</testsuite>
